<?xml version="1.0" encoding="UTF-8"?>
<!-- Generated by org.testng.reporters.JUnitReportReporter -->
<testsuite hostname="LMC-LT-099" failures="0" tests="1" name="sel.Fb" time="11.635" errors="0" timestamp="2022-02-18T15:56:47 IST" skipped="0">
  <testcase classname="sel.Fb" name="nm" time="11.635"/>
  <system-out/>
</testsuite> <!-- sel.Fb -->
